SF:lib/src/rx_core/rx_num.dart
DA:8,0
DA:23,0
DA:26,0
DA:35,0
DA:38,0
DA:46,0
DA:49,0
DA:52,0
DA:55,0
DA:58,0
DA:61,0
DA:66,0
DA:70,0
DA:76,0
DA:79,0
DA:97,0
DA:105,0
DA:110,0
DA:115,0
DA:121,0
DA:139,0
DA:152,0
DA:165,0
DA:180,0
DA:190,0
DA:191,0
DA:194,0
DA:201,0
DA:225,0
DA:226,0
DA:246,0
DA:247,0
DA:265,0
DA:266,0
DA:270,0
DA:271,0
DA:272,0
DA:276,0
DA:277,0
DA:278,0
DA:283,0
DA:284,0
DA:288,0
DA:289,0
DA:294,0
DA:295,0
DA:300,0
DA:302,0
DA:305,0
DA:311,0
DA:314,0
DA:317,0
DA:324,0
DA:332,0
DA:337,0
DA:342,0
DA:348,0
DA:362,0
DA:371,0
DA:380,0
DA:391,0
DA:395,1
DA:396,1
DA:400,0
DA:401,0
DA:406,0
DA:407,0
DA:419,0
DA:429,0
DA:439,0
DA:447,0
DA:459,0
DA:468,0
DA:474,0
DA:482,0
DA:495,0
DA:498,0
DA:501,0
DA:523,0
DA:545,0
DA:575,0
DA:581,0
DA:586,0
DA:592,0
DA:595,0
DA:598,0
DA:601,0
DA:604,0
DA:607,0
DA:610,0
DA:613,0
DA:616,0
LF:92
LH:2
end_of_record
SF:lib/src/rx_core/rx_impl.dart
DA:18,0
DA:36,0
DA:38,0
DA:40,0
DA:61,0
DA:62,0
DA:85,0
DA:86,0
DA:87,0
DA:100,0
DA:101,0
DA:105,0
DA:107,0
DA:108,0
DA:111,0
DA:115,0
DA:119,0
DA:120,0
DA:124,0
DA:126,0
DA:129,0
DA:130,0
DA:131,0
DA:132,0
DA:137,0
DA:138,0
DA:141,0
DA:142,0
DA:150,1
DA:151,2
DA:152,1
DA:153,1
DA:154,3
DA:158,1
DA:160,0
DA:162,1
DA:165,0
DA:167,0
DA:169,0
DA:175,0
DA:176,0
DA:179,0
DA:184,0
DA:185,0
DA:188,0
DA:190,0
DA:192,0
DA:199,0
DA:200,0
DA:204,0
DA:205,0
DA:211,0
DA:212,0
DA:215,0
DA:223,0
DA:224,0
DA:229,0
DA:230,0
DA:235,0
DA:240,2
DA:245,0
DA:250,0
DA:255,0
LF:63
LH:8
end_of_record
SF:lib/src/rx_core/rx_interface.dart
DA:9,0
DA:24,0
LF:2
LH:0
end_of_record
SF:lib/src/rx_iterables/rx_list.dart
DA:12,0
DA:13,0
DA:18,0
DA:19,0
DA:21,0
DA:22,0
DA:24,0
DA:25,0
DA:28,0
DA:29,0
DA:36,0
DA:37,0
DA:38,0
DA:41,0
DA:42,0
DA:47,0
DA:48,0
DA:49,0
DA:53,0
DA:54,0
DA:57,0
DA:58,0
DA:59,0
DA:62,0
DA:64,0
DA:65,0
DA:69,0
DA:70,0
DA:74,0
DA:75,0
DA:79,0
DA:80,0
DA:81,0
DA:85,0
DA:86,0
DA:87,0
DA:90,0
DA:92,0
DA:93,0
DA:96,0
DA:98,0
DA:99,0
DA:102,0
DA:103,0
DA:110,0
DA:112,0
DA:114,0
DA:119,0
DA:121,0
DA:122,0
DA:126,0
DA:128,0
DA:129,0
DA:133,0
DA:135,0
DA:136,0
DA:139,0
DA:141,0
DA:142,0
DA:145,0
DA:147,0
DA:148,0
DA:151,0
DA:153,0
DA:154,0
DA:157,0
DA:159,0
DA:160,0
DA:162,0
DA:163,0
DA:167,0
DA:168,0
DA:169,0
DA:172,0
DA:173,0
DA:174,0
DA:178,0
DA:179,0
DA:180,0
DA:183,0
DA:186,0
DA:188,0
DA:191,0
DA:193,0
DA:194,0
DA:197,0
DA:200,0
DA:201,0
DA:202,0
DA:203,0
DA:206,0
DA:208,0
DA:214,0
DA:220,0
DA:221,0
DA:224,0
DA:225,0
DA:227,0
DA:228,0
DA:230,0
DA:232,0
DA:235,0
DA:237,0
DA:240,0
DA:242,0
DA:245,0
DA:247,0
DA:250,0
DA:252,0
DA:255,0
DA:257,0
DA:260,0
DA:262,0
DA:265,0
DA:267,0
DA:268,0
DA:271,0
DA:273,0
DA:276,0
DA:278,0
DA:281,0
DA:283,0
DA:286,0
DA:288,0
DA:291,0
DA:293,0
DA:296,0
DA:298,0
DA:301,0
DA:303,0
DA:306,0
DA:308,0
DA:311,0
DA:313,0
DA:316,0
DA:318,0
DA:321,0
DA:323,0
DA:326,0
DA:328,0
DA:329,0
DA:332,0
DA:334,0
DA:337,0
DA:339,0
DA:342,0
DA:344,0
DA:345,0
DA:348,0
DA:350,0
DA:351,0
DA:354,0
DA:355,0
DA:357,0
DA:359,0
DA:360,0
DA:363,0
DA:365,0
DA:366,0
DA:369,0
DA:371,0
DA:372,0
DA:375,0
DA:376,0
DA:378,0
DA:380,0
DA:383,0
DA:385,0
DA:388,0
DA:390,0
DA:393,0
DA:395,0
DA:398,0
DA:400,0
DA:403,0
DA:405,0
DA:408,0
DA:410,0
DA:413,0
DA:415,0
DA:418,0
DA:420,0
DA:423,0
DA:425,0
DA:428,0
DA:430,0
DA:431,0
DA:434,0
DA:436,0
DA:437,0
DA:442,0
DA:444,0
DA:446,0
LF:193
LH:0
end_of_record
SF:lib/src/rx_iterables/rx_map.dart
DA:10,0
DA:11,0
DA:20,0
DA:23,0
DA:25,0
DA:28,0
DA:29,0
DA:32,0
DA:34,0
DA:35,0
DA:38,0
DA:40,0
DA:41,0
DA:43,0
DA:44,0
DA:47,0
DA:49,0
DA:52,0
DA:53,0
DA:57,0
DA:58,0
DA:59,0
DA:60,0
DA:63,0
DA:65,0
DA:67,0
DA:73,0
DA:74,0
DA:77,0
DA:78,0
DA:79,0
DA:82,0
DA:83,0
DA:84,0
DA:85,0
DA:86,0
DA:90,0
DA:91,0
DA:92,0
DA:95,0
DA:97,0
DA:100,0
DA:102,0
DA:103,0
DA:106,0
DA:108,0
DA:109,0
DA:112,0
DA:114,0
DA:115,0
DA:118,0
DA:120,0
DA:121,0
DA:124,0
DA:125,0
DA:127,0
DA:128,0
DA:130,0
DA:131,0
DA:133,0
DA:134,0
DA:136,0
DA:138,0
DA:141,0
DA:142,0
DA:144,0
DA:145,0
DA:147,0
DA:148,0
DA:150,0
DA:151,0
DA:153,0
DA:155,0
DA:157,0
DA:159,0
DA:160,0
DA:164,0
DA:166,0
DA:167,0
DA:171,0
DA:173,0
DA:174,0
DA:177,0
DA:178,0
DA:180,0
DA:181,0
DA:183,0
DA:185,0
DA:186,0
DA:190,0
DA:192,0
DA:193,0
DA:198,0
DA:200,0
DA:202,0
LF:95
LH:0
end_of_record
SF:lib/src/rx_iterables/rx_set.dart
DA:10,0
DA:11,0
DA:16,0
DA:17,0
DA:19,0
DA:20,0
DA:22,0
DA:23,0
DA:26,0
DA:27,0
DA:33,0
DA:34,0
DA:35,0
DA:39,0
DA:40,0
DA:41,0
DA:44,0
DA:45,0
DA:50,0
DA:51,0
DA:52,0
DA:56,0
DA:58,0
DA:59,0
DA:63,0
DA:65,0
DA:66,0
DA:70,0
DA:71,0
DA:75,0
DA:76,0
DA:79,0
DA:86,0
DA:87,0
DA:89,0
DA:94,0
DA:95,0
DA:96,0
DA:99,0
DA:100,0
DA:101,0
DA:104,0
DA:105,0
DA:106,0
DA:108,0
DA:109,0
DA:113,0
DA:114,0
DA:115,0
DA:118,0
DA:119,0
DA:120,0
DA:124,0
DA:125,0
DA:126,0
DA:129,0
DA:132,0
DA:134,0
DA:137,0
DA:139,0
DA:140,0
DA:143,0
DA:144,0
DA:148,0
DA:149,0
DA:150,0
DA:151,0
DA:154,0
DA:156,0
DA:158,0
DA:164,0
DA:165,0
DA:168,0
DA:169,0
DA:171,0
DA:172,0
DA:174,0
DA:176,0
DA:179,0
DA:181,0
DA:184,0
DA:186,0
DA:189,0
DA:191,0
DA:194,0
DA:196,0
DA:199,0
DA:201,0
DA:204,0
DA:206,0
DA:209,0
DA:211,0
DA:214,0
DA:216,0
DA:219,0
DA:221,0
DA:224,0
DA:226,0
DA:229,0
DA:231,0
DA:234,0
DA:236,0
DA:239,0
DA:241,0
DA:244,0
DA:245,0
DA:247,0
DA:249,0
DA:252,0
DA:254,0
DA:257,0
DA:259,0
DA:262,0
DA:264,0
DA:267,0
DA:269,0
DA:272,0
DA:274,0
DA:277,0
DA:279,0
DA:282,0
DA:284,0
DA:287,0
DA:289,0
DA:292,0
DA:294,0
DA:297,0
DA:299,0
DA:302,0
DA:304,0
DA:307,0
DA:309,0
DA:312,0
DA:314,0
DA:315,0
DA:318,0
DA:320,0
DA:321,0
DA:324,0
DA:326,0
DA:327,0
DA:330,0
DA:332,0
DA:337,0
DA:339,0
DA:341,0
LF:146
LH:0
end_of_record
SF:lib/src/rx_workers/rx_workers.dart
DA:7,1
DA:9,1
DA:10,0
DA:44,1
DA:46,4
DA:47,2
DA:49,2
DA:56,0
DA:58,0
DA:59,0
DA:60,0
DA:61,0
DA:63,0
DA:66,0
DA:67,0
DA:68,0
DA:70,0
DA:73,0
DA:97,1
DA:101,4
DA:102,1
DA:103,1
DA:104,1
DA:105,1
DA:106,1
DA:108,2
DA:129,1
DA:133,4
DA:134,1
DA:136,2
DA:138,1
DA:140,2
DA:162,1
DA:165,1
DA:166,4
DA:167,2
DA:168,1
DA:171,2
DA:175,1
DA:185,1
DA:187,6
DA:190,0
DA:191,0
DA:192,0
DA:195,0
DA:196,0
DA:197,0
DA:200,0
LF:48
LH:29
end_of_record
SF:lib/src/rx_workers/utils/debouncer.dart
DA:15,1
DA:17,1
DA:18,2
DA:19,3
DA:23,0
DA:26,0
LF:6
LH:4
end_of_record
